This is pdfTeXk, Version 3.141592-1.40.3 (Web2C 7.5.6) (format=pdfetex 2011.5.2)  6 MAY 2011 15:26
entering extended mode
 file:line:error style messages enabled.
 %&-line parsing enabled.
**./gnustep-howto.texi
(./gnustep-howto.texi (/usr/share/texmf/tex/texinfo/texinfo.tex
Loading texinfo [version 2008-04-18.10]:
\bindingoffset=\dimen16
\normaloffset=\dimen17
\pagewidth=\dimen18
\pageheight=\dimen19
\outerhsize=\dimen20
\outervsize=\dimen21
\cornerlong=\dimen22
\cornerthick=\dimen23
\topandbottommargin=\dimen24
\headlinebox=\box16
\footlinebox=\box17
\margin=\insert252
\EMsimple=\toks13
\groupbox=\box18
\groupinvalidhelp=\toks14
\mil=\dimen25
\exdentamount=\skip18
\inmarginspacing=\skip19
 pdf,
\tempnum=\count27
\lnkcount=\count28
\filename=\toks15
\filenamelength=\count29
\pgn=\count30
\toksA=\toks16
\toksB=\toks17
\toksC=\toks18
\toksD=\toks19
\boxA=\box19
\countA=\count31
\nopdfimagehelp=\toks20
 fonts,
\sffam=\fam8
\textleading=\dimen26
\fontdepth=\count32
 page headings,
\titlepagetopglue=\skip20
\titlepagebottomglue=\skip21
\evenheadline=\toks21
\oddheadline=\toks22
\evenfootline=\toks23
\oddfootline=\toks24
 tables,
\tableindent=\dimen27
\itemindent=\dimen28
\itemmargin=\dimen29
\itemmax=\dimen30
\itemno=\count33
\multitableparskip=\skip22
\multitableparindent=\skip23
\multitablecolspace=\dimen31
\multitablelinespace=\skip24
\colcount=\count34
\everytab=\toks25

conditionals,
\doignorecount=\count35
 indexing,
\whatsitskip=\skip25
\whatsitpenalty=\count36
\secondaryindent=\skip26
\partialpage=\box20
\doublecolumnhsize=\dimen32
 sectioning,
\unnumberedno=\count37
\chapno=\count38
\secno=\count39
\subsecno=\count40
\subsubsecno=\count41
\appendixno=\count42
\absseclevel=\count43
\secbase=\count44
\chapheadingskip=\skip27
\secheadingskip=\skip28
\subsecheadingskip=\skip29
 toc,
\tocfile=\write0
\contentsrightmargin=\skip30
\savepageno=\count45
\lastnegativepageno=\count46
\tocindent=\dimen33
 environments,
\errorbox=\box21
\lispnarrowing=\skip31
\envskipamount=\skip32
\circthick=\dimen34
\cartouter=\dimen35
\cartinner=\dimen36
\normbskip=\skip33
\normpskip=\skip34
\normlskip=\skip35
\lskip=\skip36
\rskip=\skip37
\tabw=\dimen37
 defuns,
\defbodyindent=\skip38
\defargsindent=\skip39
\deflastargmargin=\skip40
\defunpenalty=\count47
\parencount=\count48
\brackcount=\count49
 macros,
\paramno=\count50
\macname=\toks26

cross references,
\auxfile=\write1
\savesfregister=\count51
 insertions,
\footnoteno=\count52
\SAVEfootins=\box22
\SAVEmargin=\box23
 (/usr/share/texmf/tex/generic/epsf/epsf.tex
This is `epsf.tex' v2.7.3 <23 July 2005>
\epsffilein=\read1
\epsfframemargin=\dimen38
\epsfframethickness=\dimen39
\epsfrsize=\dimen40
\epsftmp=\dimen41
\epsftsize=\dimen42
\epsfxsize=\dimen43
\epsfysize=\dimen44
\pspoints=\dimen45
)
\noepsfhelp=\toks27
 localization,
\nolanghelp=\toks28
\countUTFx=\count53
\countUTFy=\count54
\countUTFz=\count55
 formatting,
\defaultparindent=\dimen46
 and turning on texinfo input format.)
(./gnustep-howto.aux)
\openout1 = `gnustep-howto.aux'.

@cpindfile=@write2
@fnindfile=@write3
@vrindfile=@write4
@tpindfile=@write5
@kyindfile=@write6
@pgindfile=@write7
 [1
\openout2 = `gnustep-howto.cp'.

\openout3 = `gnustep-howto.fn'.

\openout4 = `gnustep-howto.vr'.

\openout5 = `gnustep-howto.tp'.

\openout6 = `gnustep-howto.ky'.

\openout7 = `gnustep-howto.pg'.

{/usr/share/texmf/fonts/map/pdftex/updmap/pdftex.map}]
[2] (./gnustep-howto.toc) [-1] (./gnustep-howto.toc) (./gnustep-howto.toc)
(./version.texi) Chapter 1
\openout0 = `gnustep-howto.toc'.

 Chapter 2 [1]
Underfull \hbox (badness 10000) in paragraph at lines 124--131
 [][]@texttt http://clisp.cons.org/~haible/packages-libiconv.html[][][]@textrm 
.

@hbox(7.60416+2.43333)x361.34999
.@glue(@leftskip) 57.81621
.@pdfliteral{0.28 1 1 0.35 k}
.@pdflink(*+*)x* attr{/Border [0 0 0]} action user{/Subtype /Link /A << /S /URI
 /URI (http://clisp.cons.org/~haible/pack@ETC.}

[2] [3] Chapter 3 [4] [5] Chapter 4 [6]
Underfull \hbox (badness 5563) in paragraph at lines 346--352
@textrm `@texttt /usr/GNUstep/System/Library/Makefiles[]@textrm '[] with the pa
th to your

@hbox(7.60416+2.43333)x361.34999, glue set 3.82024
.@textrm `
.@texttt /
.@texttt u
.@texttt s
.@texttt r
.etc.


Overfull \hbox (22.49855pt too wide) in paragraph at lines 372--372
 []@texttt PATH="/usr/GNUstep/System/Tools:/usr/GNUstep/Local/Tools:$PATH"[] |

@hbox(7.60416+2.43333)x361.34999
.@glue(@leftskip) 21.68121
.@hbox(0.0+0.0)x0.0
.@texttt P
.@texttt A
.@texttt T
.etc.


Underfull \hbox (badness 10000) in paragraph at lines 375--380
[]@textrm manually add `@texttt /usr/GNUstep/System/Library/Libraries[]@textrm 
'[] and

@hbox(7.60416+2.43333)x361.34999, glue set 6.85513
.@hbox(0.0+0.0)x15.0
.@textrm m
.@textrm a
.@textrm n
.@kern-0.30418
.etc.

[7]
Overfull \hbox (212.61133pt too wide) in paragraph at lines 407--411
[]@textrm See `@texttt /usr/GNUstep/System/Library/Libraries/gnustep-base/Versi
ons/1.14/Resources/NSTimeZones/zones/[]@textrm '[]|

@hbox(7.60416+2.43333)x361.34999, glue set - 1.0
.@hbox(0.0+0.0)x15.0
.@textrm S
.@textrm e
.@textrm e
.@glue 3.65 plus 1.825 minus 1.21666
.etc.

Chapter 5 [8] Chapter 6 [9] Chapter 7 [10] [11] ) 
Here is how much of TeX's memory you used:
 1752 strings out of 259301
 21273 string characters out of 1958501
 53548 words of memory out of 1500000
 2817 multiletter control sequences out of 10000+200000
 32127 words of font info for 112 fonts, out of 1200000 for 2000
 51 hyphenation exceptions out of 8191
 13i,6n,17p,290b,351s stack positions out of 5000i,500n,6000p,200000b,15000s
</usr/share/texmf/fonts/type1/
bluesky/cm/cmbx12.pfb></usr/share/texmf/fonts/type1/bluesky/cm/cmmi10.pfb></usr
/share/texmf/fonts/type1/bluesky/cm/cmmi12.pfb></usr/share/texmf/fonts/type1/bl
uesky/cm/cmr10.pfb></usr/share/texmf/fonts/type1/bluesky/cm/cmsl10.pfb></usr/sh
are/texmf/fonts/type1/bluesky/cm/cmsltt10.pfb></usr/share/texmf/fonts/type1/blu
esky/cm/cmsy10.pfb></usr/share/texmf/fonts/type1/bluesky/cm/cmti10.pfb></usr/sh
are/texmf/fonts/type1/bluesky/cm/cmtt10.pfb>
Output written on gnustep-howto.pdf (14 pages, 102745 bytes).
PDF statistics:
 184 PDF objects out of 1000 (max. 8388607)
 26 named destinations out of 1000 (max. 131072)
 125 words of extra memory for PDF output out of 10000 (max. 10000000)

