This is pdfTeXk, Version 3.141592-1.40.3 (Web2C 7.5.6) (format=pdfetex 2011.5.2)  6 MAY 2011 15:26
entering extended mode
 file:line:error style messages enabled.
 %&-line parsing enabled.
**./gnustep-filesystem.texi
(./gnustep-filesystem.texi (/usr/share/texmf/tex/texinfo/texinfo.tex
Loading texinfo [version 2008-04-18.10]:
\bindingoffset=\dimen16
\normaloffset=\dimen17
\pagewidth=\dimen18
\pageheight=\dimen19
\outerhsize=\dimen20
\outervsize=\dimen21
\cornerlong=\dimen22
\cornerthick=\dimen23
\topandbottommargin=\dimen24
\headlinebox=\box16
\footlinebox=\box17
\margin=\insert252
\EMsimple=\toks13
\groupbox=\box18
\groupinvalidhelp=\toks14
\mil=\dimen25
\exdentamount=\skip18
\inmarginspacing=\skip19
 pdf,
\tempnum=\count27
\lnkcount=\count28
\filename=\toks15
\filenamelength=\count29
\pgn=\count30
\toksA=\toks16
\toksB=\toks17
\toksC=\toks18
\toksD=\toks19
\boxA=\box19
\countA=\count31
\nopdfimagehelp=\toks20
 fonts,
\sffam=\fam8
\textleading=\dimen26
\fontdepth=\count32
 page headings,
\titlepagetopglue=\skip20
\titlepagebottomglue=\skip21
\evenheadline=\toks21
\oddheadline=\toks22
\evenfootline=\toks23
\oddfootline=\toks24
 tables,
\tableindent=\dimen27
\itemindent=\dimen28
\itemmargin=\dimen29
\itemmax=\dimen30
\itemno=\count33
\multitableparskip=\skip22
\multitableparindent=\skip23
\multitablecolspace=\dimen31
\multitablelinespace=\skip24
\colcount=\count34
\everytab=\toks25

conditionals,
\doignorecount=\count35
 indexing,
\whatsitskip=\skip25
\whatsitpenalty=\count36
\secondaryindent=\skip26
\partialpage=\box20
\doublecolumnhsize=\dimen32
 sectioning,
\unnumberedno=\count37
\chapno=\count38
\secno=\count39
\subsecno=\count40
\subsubsecno=\count41
\appendixno=\count42
\absseclevel=\count43
\secbase=\count44
\chapheadingskip=\skip27
\secheadingskip=\skip28
\subsecheadingskip=\skip29
 toc,
\tocfile=\write0
\contentsrightmargin=\skip30
\savepageno=\count45
\lastnegativepageno=\count46
\tocindent=\dimen33
 environments,
\errorbox=\box21
\lispnarrowing=\skip31
\envskipamount=\skip32
\circthick=\dimen34
\cartouter=\dimen35
\cartinner=\dimen36
\normbskip=\skip33
\normpskip=\skip34
\normlskip=\skip35
\lskip=\skip36
\rskip=\skip37
\tabw=\dimen37
 defuns,
\defbodyindent=\skip38
\defargsindent=\skip39
\deflastargmargin=\skip40
\defunpenalty=\count47
\parencount=\count48
\brackcount=\count49
 macros,
\paramno=\count50
\macname=\toks26

cross references,
\auxfile=\write1
\savesfregister=\count51
 insertions,
\footnoteno=\count52
\SAVEfootins=\box22
\SAVEmargin=\box23
 (/usr/share/texmf/tex/generic/epsf/epsf.tex
This is `epsf.tex' v2.7.3 <23 July 2005>
\epsffilein=\read1
\epsfframemargin=\dimen38
\epsfframethickness=\dimen39
\epsfrsize=\dimen40
\epsftmp=\dimen41
\epsftsize=\dimen42
\epsfxsize=\dimen43
\epsfysize=\dimen44
\pspoints=\dimen45
)
\noepsfhelp=\toks27
 localization,
\nolanghelp=\toks28
\countUTFx=\count53
\countUTFy=\count54
\countUTFz=\count55
 formatting,
\defaultparindent=\dimen46
 and turning on texinfo input format.) [1{/usr/share/texmf/fonts/map/pdftex/upd
map/pdftex.map}] [2] (./gnustep-filesystem.toc)
[-1] (./gnustep-filesystem.toc) (./gnustep-filesystem.toc)
(GNUstep Filesystem Hierarchy)
\openout0 = `gnustep-filesystem.toc'.


@xrdef{Top-title}{GNUstep Filesystem Hierarchy}
@xrdef{Top-snt}{}
@xrdef{The System Domain-title}{The System Domain}
@xrdef{The System Domain-snt}{}
[1
@xrdef{Top-pg}{1}
@xrdef{The System Domain-pg}{1}
]
@xrdef{The Local Domain-title}{The Local Domain}
@xrdef{The Local Domain-snt}{}
@xrdef{The Network Domain-title}{The Network Domain}
@xrdef{The Network Domain-snt}{}
@xrdef{The Users Domain-title}{The Users Domain}
@xrdef{The Users Domain-snt}{}
[2
@xrdef{The Local Domain-pg}{2}
@xrdef{The Network Domain-pg}{2}
]
@xrdef{Structure of a Domain-title}{Structure of a Domain}
@xrdef{Structure of a Domain-snt}{}
@xrdef{The GNUstep Filesystem Layout-title}{The GNUstep Filesystem Layout}
@xrdef{The GNUstep Filesystem Layout-snt}{}
[3
@xrdef{The Users Domain-pg}{3}
@xrdef{Structure of a Domain-pg}{3}
@xrdef{The GNUstep Filesystem Layout-pg}{3}
]
@xrdef{Accessing Domain Locations-title}{Accessing Domain Locations}
@xrdef{Accessing Domain Locations-snt}{}

Overfull \hbox (40.62396pt too wide) in paragraph at lines 252--260
[]@textrm GNUstep-base pro-vides you with the @texttt NSSearchPathForDirectorie
sInDomains()[]|

@hbox(7.60416+2.12917)x361.34999, glue set - 1.0
.@hbox(0.0+0.0)x15.0
.@textrm G
.@textrm N
.@textrm U
.@textrm s
.etc.


Underfull \hbox (badness 2205) in paragraph at lines 252--260
@textrm func-tion that al-lows you to re-trieve the do-main lo-ca-tions at run-


@hbox(7.60416+2.12917)x361.34999, glue set 2.805
.@textrm f
.@textrm u
.@textrm n
.@textrm c
.@discretionary
..@textrm -
.etc.


Underfull \hbox (badness 2922) in paragraph at lines 252--260
@textrm time. You must lookup re-sources only via this func-tion. For

@hbox(7.60416+2.12917)x361.34999, glue set 3.08205
.@textrm t
.@textrm i
.@textrm m
.@textrm e
.@textrm .
.etc.


Underfull \hbox (badness 2818) in paragraph at lines 252--260
@textrm ex-am-ple, the `@texttt Applications[]@textrm '[] lo-ca-tion can be fou
nd by us-ing the

@hbox(7.60416+2.43333)x361.34999, glue set 3.04507
.@textrm e
.@textrm x
.@discretionary
..@textrm -
.@textrm a
.@textrm m
.etc.

@xrdef{Applications-title}{Applications}
@xrdef{Applications-snt}{}
[4
@xrdef{Accessing Domain Locations-pg}{4}
@xrdef{Applications-pg}{4}
]
Underfull \hbox (badness 10000) in paragraph at lines 297--300
[]@textrm In gnustep-base, the `@texttt Applications[]@textrm '[] lo-ca-tions a
re avail-

@hbox(7.60416+2.43333)x361.34999, glue set 6.77834
.@hbox(0.0+0.0)x15.0
.@textrm I
.@textrm n
.@glue 3.65 plus 1.825 minus 1.21666
.@textrm g
.etc.


Underfull \hbox (badness 10000) in paragraph at lines 297--300
@textrm able by us-ing the @texttt NSApplicationDirectory[] @textrm di-rec-tory
 key for

@hbox(7.60416+2.43333)x361.34999, glue set 5.15962
.@textrm a
.@textrm b
.@textrm l
.@textrm e
.@glue 3.65 plus 1.825 minus 1.21666
.etc.

@xrdef{Admin Applications-title}{Admin Applications}
@xrdef{Admin Applications-snt}{}

Underfull \hbox (badness 6094) in paragraph at lines 317--320
[]@textrm In gnustep-base, the `@texttt Admin Applications[]@textrm '[] lo-ca-t
ions are avail-

@hbox(7.60416+2.43333)x361.34999, glue set 3.93835
.@hbox(0.0+0.0)x15.0
.@textrm I
.@textrm n
.@glue 3.65 plus 1.825 minus 1.21666
.@textrm g
.etc.


Underfull \hbox (badness 2460) in paragraph at lines 317--320
@textrm able by us-ing the @texttt NSAdminApplicationDirectory[] @textrm di-rec
-tory key for

@hbox(7.60416+2.43333)x361.34999, glue set 2.90965
.@textrm a
.@textrm b
.@textrm l
.@textrm e
.@glue 3.65 plus 1.825 minus 1.21666
.etc.

@xrdef{Web Applications-title}{Web Applications}
@xrdef{Web Applications-snt}{}

Underfull \hbox (badness 10000) in paragraph at lines 338--341
[]@textrm In gnustep-base, the `@texttt Web Applications[]@textrm '[] lo-ca-tio
ns are avail-

@hbox(7.60416+2.43333)x361.34999, glue set 4.94635
.@hbox(0.0+0.0)x15.0
.@textrm I
.@textrm n
.@glue 3.65 plus 1.825 minus 1.21666
.@textrm g
.etc.


Underfull \hbox (badness 5519) in paragraph at lines 338--341
@textrm able by us-ing the @texttt GSWebApplicationDirectory[] @textrm di-rec-t
ory key for

@hbox(7.60416+2.43333)x361.34999, glue set 3.80963
.@textrm a
.@textrm b
.@textrm l
.@textrm e
.@glue 3.65 plus 1.825 minus 1.21666
.etc.

@xrdef{Tools-title}{Tools}
@xrdef{Tools-snt}{}
[5
@xrdef{Admin Applications-pg}{5}
@xrdef{Web Applications-pg}{5}
@xrdef{Tools-pg}{5}
]
Underfull \hbox (badness 10000) in paragraph at lines 367--370
[]@textrm In gnustep-base, the `@texttt Tools[]@textrm '[] lo-ca-tions are avai
l-

@hbox(7.60416+2.12917)x361.34999, glue set 10.3063
.@hbox(0.0+0.0)x15.0
.@textrm I
.@textrm n
.@glue 3.65 plus 1.825 minus 1.21666
.@textrm g
.etc.


Underfull \hbox (badness 10000) in paragraph at lines 367--370
@textrm able by us-ing the @texttt GSToolsDirectory[] @textrm di-rec-tory key f
or

@hbox(7.60416+2.43333)x361.34999, glue set 7.8596
.@textrm a
.@textrm b
.@textrm l
.@textrm e
.@glue 3.65 plus 1.825 minus 1.21666
.etc.

@xrdef{Admin Tools-title}{Admin Tools}
@xrdef{Admin Tools-snt}{}

Underfull \hbox (badness 10000) in paragraph at lines 388--391
[]@textrm In gnustep-base, the `@texttt Admin Tools[]@textrm '[] lo-ca-tions ar
e avail-

@hbox(7.60416+2.12917)x361.34999, glue set 7.46632
.@hbox(0.0+0.0)x15.0
.@textrm I
.@textrm n
.@glue 3.65 plus 1.825 minus 1.21666
.@textrm g
.etc.


Underfull \hbox (badness 10000) in paragraph at lines 388--391
@textrm able by us-ing the @texttt GSAdminToolsDirectory[] @textrm di-rec-tory 
key for

@hbox(7.60416+2.43333)x361.34999, glue set 5.60962
.@textrm a
.@textrm b
.@textrm l
.@textrm e
.@glue 3.65 plus 1.825 minus 1.21666
.etc.

@xrdef{Library-title}{Library}
@xrdef{Library-snt}{}
[6
@xrdef{Admin Tools-pg}{6}
@xrdef{Library-pg}{6}
]
Underfull \hbox (badness 10000) in paragraph at lines 426--429
[]@textrm In gnustep-base, the `@texttt Library[]@textrm '[] lo-ca-tions are av
ail-

@hbox(7.60416+2.43333)x361.34999, glue set 9.29831
.@hbox(0.0+0.0)x15.0
.@textrm I
.@textrm n
.@glue 3.65 plus 1.825 minus 1.21666
.@textrm g
.etc.


Underfull \hbox (badness 10000) in paragraph at lines 426--429
@textrm able by us-ing the @texttt NSLibraryDirectory[] @textrm di-rec-tory key
 for

@hbox(7.60416+2.43333)x361.34999, glue set 6.95961
.@textrm a
.@textrm b
.@textrm l
.@textrm e
.@glue 3.65 plus 1.825 minus 1.21666
.etc.

@xrdef{Headers-title}{Headers}
@xrdef{Headers-snt}{}
@xrdef{Libraries-title}{Libraries}
@xrdef{Libraries-snt}{}

Underfull \hbox (badness 10000) in paragraph at lines 472--475
[]@textrm In gnustep-base, the `@texttt Libraries[]@textrm '[] lo-ca-tions are 
avail-

@hbox(7.60416+2.12917)x361.34999, glue set 8.29033
.@hbox(0.0+0.0)x15.0
.@textrm I
.@textrm n
.@glue 3.65 plus 1.825 minus 1.21666
.@textrm g
.etc.


Underfull \hbox (badness 10000) in paragraph at lines 472--475
@textrm able by us-ing the @texttt GSLibrariesDirectory[] @textrm di-rec-tory k
ey for

@hbox(7.60416+2.43333)x361.34999, glue set 6.05962
.@textrm a
.@textrm b
.@textrm l
.@textrm e
.@glue 3.65 plus 1.825 minus 1.21666
.etc.

@xrdef{Documentation-title}{Documentation}
@xrdef{Documentation-snt}{}
[7
@xrdef{Headers-pg}{7}
@xrdef{Libraries-pg}{7}
@xrdef{Documentation-pg}{7}
]
Underfull \hbox (badness 10000) in paragraph at lines 490--493
[]@textrm In gnustep-base, the `@texttt Documentation[]@textrm '[] lo-ca-tions 
are avail-

@hbox(7.60416+2.12917)x361.34999, glue set 6.27434
.@hbox(0.0+0.0)x15.0
.@textrm I
.@textrm n
.@glue 3.65 plus 1.825 minus 1.21666
.@textrm g
.etc.


Underfull \hbox (badness 7722) in paragraph at lines 490--493
@textrm able by us-ing the @texttt NSDocumentationDirectory[] @textrm di-rec-to
ry key for

@hbox(7.60416+2.43333)x361.34999, glue set 4.25963
.@textrm a
.@textrm b
.@textrm l
.@textrm e
.@glue 3.65 plus 1.825 minus 1.21666
.etc.

@xrdef{Documentation (Info)-title}{Documentation (Info)}
@xrdef{Documentation (Info)-snt}{}
@xrdef{Documentation (Man Pages)-title}{Documentation (Man Pages)}
@xrdef{Documentation (Man Pages)-snt}{}
@xrdef{Folders inside Library-title}{Folders inside Library}
@xrdef{Folders inside Library-snt}{}
@xrdef{ApplicationSupport-title}{ApplicationSupport}
@xrdef{ApplicationSupport-snt}{}
[8
@xrdef{Documentation (Info)-pg}{8}
@xrdef{Documentation (Man Pages)-pg}{8}
@xrdef{Folders inside Library-pg}{8}
]
Underfull \hbox (badness 5091) in paragraph at lines 578--586
[]@textrm In GNU-make-files, this lo-ca-tion is avail-able via the @texttt GNUS
TEP_

@hbox(7.60416+2.12917)x361.34999, glue set 3.70982
.@hbox(0.0+0.0)x15.0
.@textrm I
.@textrm n
.@glue 3.65 plus 1.825 minus 1.21666
.@textrm G
.etc.


Underfull \hbox (badness 2435) in paragraph at lines 587--590
[]@textrm In gnustep-base, the @texttt ApplicationSupport[] @textrm lo-ca-tions
 are avail-able

@hbox(7.60416+2.43333)x361.34999, glue set 2.90102
.@hbox(0.0+0.0)x15.0
.@textrm I
.@textrm n
.@glue 3.65 plus 1.825 minus 1.21666
.@textrm g
.etc.


Underfull \hbox (badness 10000) in paragraph at lines 587--590
@textrm by us-ing the @texttt NSApplicationSupportDirectory[] @textrm di-rec-to
ry key for

@hbox(7.60416+2.43333)x361.34999, glue set 4.45572
.@textrm b
.@kern-0.30418
.@textrm y
.@glue 3.65 plus 1.825 minus 1.21666
.@textrm u
.etc.

@xrdef{Bundles-title}{Bundles}
@xrdef{Bundles-snt}{}
@xrdef{ColorPickers-title}{ColorPickers}
@xrdef{ColorPickers-snt}{}
@xrdef{Colors-title}{Colors}
@xrdef{Colors-snt}{}
@xrdef{DTDs-title}{DTDs}
@xrdef{DTDs-snt}{}
[9
@xrdef{ApplicationSupport-pg}{9}
@xrdef{Bundles-pg}{9}
@xrdef{ColorPickers-pg}{9}
@xrdef{Colors-pg}{9}
]
@xrdef{DocTemplates-title}{DocTemplates}
@xrdef{DocTemplates-snt}{}
@xrdef{Fonts-title}{Fonts}
@xrdef{Fonts-snt}{}
@xrdef{Frameworks-title}{Frameworks}
@xrdef{Frameworks-snt}{}

Underfull \hbox (badness 10000) in paragraph at lines 684--687
[]@textrm In gnustep-base, the @texttt Frameworks[] @textrm lo-ca-tions are ava
il-

@hbox(7.60416+2.12917)x361.34999, glue set 8.31966
.@hbox(0.0+0.0)x15.0
.@textrm I
.@textrm n
.@glue 3.65 plus 1.825 minus 1.21666
.@textrm g
.etc.


Underfull \hbox (badness 10000) in paragraph at lines 684--687
@textrm able by us-ing the @texttt GSFrameworksDirectory[] @textrm di-rec-tory 
key for

@hbox(7.60416+2.43333)x361.34999, glue set 5.60962
.@textrm a
.@textrm b
.@textrm l
.@textrm e
.@glue 3.65 plus 1.825 minus 1.21666
.etc.

@xrdef{Images-title}{Images}
@xrdef{Images-snt}{}
@xrdef{Libraries/Java-title}{Libraries/Java}
@xrdef{Libraries/Java-snt}{}
[10
@xrdef{DTDs-pg}{10}
@xrdef{DocTemplates-pg}{10}
@xrdef{Fonts-pg}{10}
@xrdef{Frameworks-pg}{10}
@xrdef{Images-pg}{10}
@xrdef{Libraries/Java-pg}{10}
]
@xrdef{Libraries/Resources-title}{Libraries/Resources}
@xrdef{Libraries/Resources-snt}{}
@xrdef{KeyBindings-title}{KeyBindings}
@xrdef{KeyBindings-snt}{}
@xrdef{PostScript-title}{PostScript}
@xrdef{PostScript-snt}{}
@xrdef{Services-title}{Services}
@xrdef{Services-snt}{}

Underfull \hbox (badness 3209) in paragraph at lines 754--760
@textrm do-mains di-rectly by us-ing the vari-ables @texttt GNUSTEP_SYSTEM_SERV
ICES[]@textrm ,

@hbox(7.60416+2.12917)x361.34999, glue set 3.18066
.@textrm d
.@textrm o
.@discretionary
..@textrm -
.@textrm m
.@textrm a
.etc.


Underfull \hbox (badness 3428) in paragraph at lines 754--760
@texttt GNUSTEP_NETWORK_SERVICES[]@textrm , @texttt GNUSTEP_LOCAL_SERVICES[] @t
extrm and @texttt GNUSTEP_

@hbox(7.60416+2.12917)x361.34999, glue set 3.25186
.@texttt G
.@texttt N
.@texttt U
.@texttt S
.@texttt T
.etc.

[11
@xrdef{Libraries/Resources-pg}{11}
@xrdef{KeyBindings-pg}{11}
@xrdef{PostScript-pg}{11}
@xrdef{Services-pg}{11}
]
@xrdef{Sounds-title}{Sounds}
@xrdef{Sounds-snt}{}
@xrdef{Tools/Resources-title}{Tools/Resources}
@xrdef{Tools/Resources-snt}{}
@xrdef{Configuration-title}{Configuration}
@xrdef{Configuration-snt}{}
[12
@xrdef{Sounds-pg}{12}
@xrdef{Tools/Resources-pg}{12}
@xrdef{Configuration-pg}{12}
]
@xrdef{File Format-title}{File Format}
@xrdef{File Format-snt}{}
@xrdef{Windows (MINGW)-title}{Windows (MINGW)}
@xrdef{Windows (MINGW)-snt}{}

Overfull \hbox (8.15671pt too wide) in paragraph at lines 887--890
[]@textrm In other words, gnustep-make will use C:/xxx/etc/GNUstep/GNUstep.conf
|

@hbox(8.2125+2.73749)x361.34999, glue set - 1.0
.@hbox(0.0+0.0)x15.0
.@textrm I
.@textrm n
.@glue 3.65 plus 1.825 minus 1.21666
.@textrm o
.etc.

[13
@xrdef{File Format-pg}{13}
@xrdef{Windows (MINGW)-pg}{13}
] [14] ) 
Here is how much of TeX's memory you used:
 1722 strings out of 259301
 20641 string characters out of 1958501
 56613 words of memory out of 1500000
 2772 multiletter control sequences out of 10000+200000
 32127 words of font info for 112 fonts, out of 1200000 for 2000
 51 hyphenation exceptions out of 8191
 13i,5n,17p,295b,407s stack positions out of 5000i,500n,6000p,200000b,15000s
</usr/share/texmf/fonts/type1/bluesky/cm/cmbx12.pfb></usr/share/texmf/f
onts/type1/bluesky/cm/cmmi10.pfb></usr/share/texmf/fonts/type1/bluesky/cm/cmmi1
2.pfb></usr/share/texmf/fonts/type1/bluesky/cm/cmr10.pfb></usr/share/texmf/font
s/type1/bluesky/cm/cmtt10.pfb>
Output written on gnustep-filesystem.pdf (17 pages, 106374 bytes).
PDF statistics:
 304 PDF objects out of 1000 (max. 8388607)
 54 named destinations out of 1000 (max. 131072)
 325 words of extra memory for PDF output out of 10000 (max. 10000000)

